# JRE version: OpenJDK Runtime Environment (18.0.1.1+2) (build 18.0.1.1+2-6)
# Java VM: OpenJDK 64-Bit Server VM (18.0.1.1+2-6, mixed mode, sharing, tiered, compressed oops, compressed class ptrs, g1 gc, windows-amd64)
GC Precious Log:
 CardTable entry size: 512
 Card Set container configuration: InlinePtr #cards 4 size 8 Array Of Cards #cards 16 size 48 Howl #buckets 8 coarsen threshold 3686 Howl Bitmap #cards 512 size 80 coarsen threshold 460 Card regions per heap region 1 cards per card region 4096
 CPUs: 12 total, 12 available
 Memory: 16242M
 Large Page Support: Disabled
 NUMA Support: Disabled
 Compressed Oops: Enabled (Zero based)
 Heap Region Size: 2M
 Heap Min Capacity: 8M
 Heap Initial Capacity: 254M
 Heap Max Capacity: 4062M
 Pre-touch: Disabled
 Parallel Workers: 10
 Concurrent Workers: 3
 Concurrent Refinement Workers: 10
 Periodic GC: Disabled
Heap:
 garbage-first heap   total 98304K, used 50630K [0x00000004d6c00000, 0x00000005d4a00000)
  region size 2048K, 2 young (4096K), 1 survivors (2048K)
 Metaspace       used 91691K, committed 92544K, reserved 1179648K
  class space    used 12096K, committed 12480K, reserved 1048576K
GC Heap History (20 events):
Event: 28.668 GC heap before
{Heap before GC invocations=16 (full 0):
 garbage-first heap   total 98304K, used 76766K [0x00000004d6c00000, 0x00000005d4a00000)
  region size 2048K, 23 young (47104K), 3 survivors (6144K)
 Metaspace       used 68864K, committed 69504K, reserved 1114112K
  class space    used 9175K, committed 9472K, reserved 1048576K
}
Event: 28.684 GC heap after
{Heap after GC invocations=17 (full 0):
 garbage-first heap   total 98304K, used 40269K [0x00000004d6c00000, 0x00000005d4a00000)
  region size 2048K, 3 young (6144K), 3 survivors (6144K)
 Metaspace       used 68864K, committed 69504K, reserved 1114112K
  class space    used 9175K, committed 9472K, reserved 1048576K
}
Event: 29.743 GC heap before
{Heap before GC invocations=17 (full 0):
 garbage-first heap   total 98304K, used 75085K [0x00000004d6c00000, 0x00000005d4a00000)
  region size 2048K, 20 young (40960K), 3 survivors (6144K)
 Metaspace       used 70645K, committed 71296K, reserved 1114112K
  class space    used 9542K, committed 9856K, reserved 1048576K
}
Event: 29.749 GC heap after
{Heap after GC invocations=18 (full 0):
 garbage-first heap   total 98304K, used 38528K [0x00000004d6c00000, 0x00000005d4a00000)
  region size 2048K, 1 young (2048K), 1 survivors (2048K)
 Metaspace       used 70645K, committed 71296K, reserved 1114112K
  class space    used 9542K, committed 9856K, reserved 1048576K
}
Event: 29.946 GC heap before
{Heap before GC invocations=18 (full 0):
 garbage-first heap   total 98304K, used 75392K [0x00000004d6c00000, 0x00000005d4a00000)
  region size 2048K, 19 young (38912K), 1 survivors (2048K)
 Metaspace       used 70649K, committed 71296K, reserved 1114112K
  class space    used 9542K, committed 9856K, reserved 1048576K
}
Event: 29.954 GC heap after
{Heap after GC invocations=19 (full 0):
 garbage-first heap   total 98304K, used 43700K [0x00000004d6c00000, 0x00000005d4a00000)
  region size 2048K, 3 young (6144K), 3 survivors (6144K)
 Metaspace       used 70649K, committed 71296K, reserved 1114112K
  class space    used 9542K, committed 9856K, reserved 1048576K
}
Event: 31.275 GC heap before
{Heap before GC invocations=19 (full 0):
 garbage-first heap   total 98304K, used 72372K [0x00000004d6c00000, 0x00000005d4a00000)
  region size 2048K, 18 young (36864K), 3 survivors (6144K)
 Metaspace       used 73677K, committed 74368K, reserved 1114112K
  class space    used 9931K, committed 10240K, reserved 1048576K
}
Event: 31.288 GC heap after
{Heap after GC invocations=20 (full 0):
 garbage-first heap   total 98304K, used 46043K [0x00000004d6c00000, 0x00000005d4a00000)
  region size 2048K, 2 young (4096K), 2 survivors (4096K)
 Metaspace       used 73677K, committed 74368K, reserved 1114112K
  class space    used 9931K, committed 10240K, reserved 1048576K
}
Event: 33.334 GC heap before
{Heap before GC invocations=20 (full 0):
 garbage-first heap   total 98304K, used 74715K [0x00000004d6c00000, 0x00000005d4a00000)
  region size 2048K, 16 young (32768K), 2 survivors (4096K)
 Metaspace       used 77157K, committed 77952K, reserved 1179648K
  class space    used 10425K, committed 10816K, reserved 1048576K
}
Event: 33.345 GC heap after
{Heap after GC invocations=21 (full 0):
 garbage-first heap   total 98304K, used 48676K [0x00000004d6c00000, 0x00000005d4a00000)
  region size 2048K, 2 young (4096K), 2 survivors (4096K)
 Metaspace       used 77157K, committed 77952K, reserved 1179648K
  class space    used 10425K, committed 10816K, reserved 1048576K
}
Event: 35.831 GC heap before
{Heap before GC invocations=22 (full 0):
 garbage-first heap   total 98304K, used 75300K [0x00000004d6c00000, 0x00000005d4a00000)
  region size 2048K, 15 young (30720K), 2 survivors (4096K)
 Metaspace       used 81203K, committed 81984K, reserved 1179648K
  class space    used 11003K, committed 11392K, reserved 1048576K
}
Event: 35.853 GC heap after
{Heap after GC invocations=23 (full 0):
 garbage-first heap   total 98304K, used 51385K [0x00000004d6c00000, 0x00000005d4a00000)
  region size 2048K, 2 young (4096K), 2 survivors (4096K)
 Metaspace       used 81203K, committed 81984K, reserved 1179648K
  class space    used 11003K, committed 11392K, reserved 1048576K
}
Event: 36.681 GC heap before
{Heap before GC invocations=23 (full 0):
 garbage-first heap   total 98304K, used 73913K [0x00000004d6c00000, 0x00000005d4a00000)
  region size 2048K, 14 young (28672K), 2 survivors (4096K)
 Metaspace       used 86781K, committed 87616K, reserved 1179648K
  class space    used 11401K, committed 11776K, reserved 1048576K
}
Event: 36.688 GC heap after
{Heap after GC invocations=24 (full 0):
 garbage-first heap   total 98304K, used 52682K [0x00000004d6c00000, 0x00000005d4a00000)
  region size 2048K, 1 young (2048K), 1 survivors (2048K)
 Metaspace       used 86781K, committed 87616K, reserved 1179648K
  class space    used 11401K, committed 11776K, reserved 1048576K
}
Event: 41.391 GC heap before
{Heap before GC invocations=25 (full 0):
 garbage-first heap   total 98304K, used 77258K [0x00000004d6c00000, 0x00000005d4a00000)
  region size 2048K, 13 young (26624K), 1 survivors (2048K)
 Metaspace       used 89995K, committed 90816K, reserved 1179648K
  class space    used 11835K, committed 12224K, reserved 1048576K
}
Event: 41.402 GC heap after
{Heap after GC invocations=26 (full 0):
 garbage-first heap   total 98304K, used 54322K [0x00000004d6c00000, 0x00000005d4a00000)
  region size 2048K, 2 young (4096K), 2 survivors (4096K)
 Metaspace       used 89995K, committed 90816K, reserved 1179648K
  class space    used 11835K, committed 12224K, reserved 1048576K
}
Event: 41.437 GC heap before
{Heap before GC invocations=26 (full 0):
 garbage-first heap   total 98304K, used 56370K [0x00000004d6c00000, 0x00000005d4a00000)
  region size 2048K, 3 young (6144K), 2 survivors (4096K)
 Metaspace       used 90045K, committed 90816K, reserved 1179648K
  class space    used 11848K, committed 12224K, reserved 1048576K
}
Event: 41.448 GC heap after
{Heap after GC invocations=27 (full 0):
 garbage-first heap   total 98304K, used 49590K [0x00000004d6c00000, 0x00000005d4a00000)
  region size 2048K, 1 young (2048K), 1 survivors (2048K)
 Metaspace       used 90045K, committed 90816K, reserved 1179648K
  class space    used 11848K, committed 12224K, reserved 1048576K
}
Event: 10869.115 GC heap before
{Heap before GC invocations=27 (full 0):
 garbage-first heap   total 98304K, used 78262K [0x00000004d6c00000, 0x00000005d4a00000)
  region size 2048K, 15 young (30720K), 1 survivors (2048K)
 Metaspace       used 91688K, committed 92544K, reserved 1179648K
  class space    used 12096K, committed 12480K, reserved 1048576K
}
Event: 10869.118 GC heap after
{Heap after GC invocations=28 (full 0):
 garbage-first heap   total 98304K, used 50630K [0x00000004d6c00000, 0x00000005d4a00000)
  region size 2048K, 1 young (2048K), 1 survivors (2048K)
 Metaspace       used 91688K, committed 92544K, reserved 1179648K
  class space    used 12096K, committed 12480K, reserved 1048576K
}

